<?xml version="1.0" encoding="UTF-8"?>
<testsuite xmlns:xsi="http://www.w3.org/2001/XMLSchema-instance" xsi:noNamespaceSchemaLocation="https://maven.apache.org/surefire/maven-surefire-plugin/xsd/surefire-test-report.xsd" name="io.java.MathUtilsTest" time="0.072" tests="2" errors="0" skipped="0" failures="0">
  <properties>
[...]
</properties>
  <testcase name="test_compute_circle_area" classname="io.java.MathUtilsTest" time="0.039"/>
  <testcase name="test" classname="io.java.MathUtilsTest" time="0.002"/>
</testsuite>